<?xml version="1.0" encoding="UTF-8"?>
<!-- Generated by org.testng.reporters.JUnitXMLReporter -->
<testsuite ignored="0" hostname="VDL171" failures="0" tests="4" name="Test" time="11.069" errors="0" timestamp="2023-08-07T07:55:09 IST">
  <testcase classname="api.test.TestCases" name="testPostUser" time="3.458"/>
  <testcase classname="api.test.TestCases" name="testGetuserByName" time="1.563"/>
  <testcase classname="api.test.TestCases" name="testupdateUserByName" time="3.479"/>
  <testcase classname="api.test.TestCases" name="testdeleteUserByName" time="1.537"/>
</testsuite> <!-- Test -->
