<?xml version="1.0" encoding="UTF-8"?>
<!-- Generated by org.testng.reporters.JUnitXMLReporter -->
<testsuite ignored="0" hostname="VDL171" failures="0" tests="4" name="Command line test" time="10.893" errors="0" timestamp="2023-08-07T07:54:27 IST">
  <testcase classname="api.test.TestCases" name="testPostUser" time="3.355"/>
  <testcase classname="api.test.TestCases" name="testGetuserByName" time="1.588"/>
  <testcase classname="api.test.TestCases" name="testupdateUserByName" time="3.325"/>
  <testcase classname="api.test.TestCases" name="testdeleteUserByName" time="1.766"/>
</testsuite> <!-- Command line test -->
