<?xml version="1.0" encoding="UTF-8"?>
<!-- Generated by org.testng.reporters.JUnitXMLReporter -->
<testsuite ignored="0" hostname="VDL171" failures="0" tests="4" name="Default test" time="10.683" errors="0" timestamp="2023-08-06T17:43:56 IST">
  <testcase classname="api.test.TestCases" name="testPostUser" time="3.822"/>
  <testcase classname="api.test.TestCases" name="testGetuserByName" time="1.539"/>
  <testcase classname="api.test.TestCases" name="testupdateUserByName" time="3.376"/>
  <testcase classname="api.test.TestCases" name="testdeleteUserByName" time="1.434"/>
</testsuite> <!-- Default test -->
