<?xml version="1.0" encoding="UTF-8"?>
<testng-results ignored="0" total="4" passed="4" failed="0" skipped="0">
  <reporter-output>
  </reporter-output>
  <suite started-at="2023-08-07T07:54:58 IST" name="Suite" finished-at="2023-08-07T07:55:09 IST" duration-ms="11069">
    <groups>
    </groups>
    <test started-at="2023-08-07T07:54:58 IST" name="Test" finished-at="2023-08-07T07:55:09 IST" duration-ms="11069">
      <class name="api.test.TestCases">
        <test-method is-config="true" signature="setup()[pri:0, instance:api.test.TestCases@294425a7]" started-at="2023-08-07T07:54:59 IST" name="setup" finished-at="2023-08-07T07:54:59 IST" duration-ms="748" status="PASS">
          <reporter-output>
          </reporter-output>
        </test-method> <!-- setup -->
        <test-method signature="testPostUser()[pri:0, instance:api.test.TestCases@294425a7]" started-at="2023-08-07T07:54:59 IST" name="testPostUser" finished-at="2023-08-07T07:55:03 IST" duration-ms="3458" status="PASS">
          <reporter-output>
          </reporter-output>
        </test-method> <!-- testPostUser -->
        <test-method signature="testGetuserByName()[pri:1, instance:api.test.TestCases@294425a7]" started-at="2023-08-07T07:55:03 IST" name="testGetuserByName" finished-at="2023-08-07T07:55:04 IST" duration-ms="1563" status="PASS">
          <reporter-output>
          </reporter-output>
        </test-method> <!-- testGetuserByName -->
        <test-method signature="testupdateUserByName()[pri:2, instance:api.test.TestCases@294425a7]" started-at="2023-08-07T07:55:04 IST" name="testupdateUserByName" finished-at="2023-08-07T07:55:08 IST" duration-ms="3479" status="PASS">
          <reporter-output>
          </reporter-output>
        </test-method> <!-- testupdateUserByName -->
        <test-method signature="testdeleteUserByName()[pri:3, instance:api.test.TestCases@294425a7]" started-at="2023-08-07T07:55:08 IST" name="testdeleteUserByName" finished-at="2023-08-07T07:55:09 IST" duration-ms="1537" status="PASS">
          <reporter-output>
          </reporter-output>
        </test-method> <!-- testdeleteUserByName -->
      </class> <!-- api.test.TestCases -->
    </test> <!-- Test -->
  </suite> <!-- Suite -->
</testng-results>
