<?xml version="1.0" encoding="UTF-8" ?>
<testsuite tests="4" failures="0" name="api.test.TestCases" time="10.036" errors="0" skipped="0">
  <properties>
[...]
</properties>
  <testcase classname="api.test.TestCases" name="testPostUser" time="3.358"/>
  <testcase classname="api.test.TestCases" name="testGetuserByName" time="1.588"/>
  <testcase classname="api.test.TestCases" name="testupdateUserByName" time="3.325"/>
  <testcase classname="api.test.TestCases" name="testdeleteUserByName" time="1.765"/>
</testsuite>