<?xml version="1.0" encoding="UTF-8"?>
<testng-results ignored="0" total="4" passed="4" failed="0" skipped="0">
  <reporter-output>
  </reporter-output>
  <suite started-at="2023-08-07T07:54:16 IST" name="api.test.TestCases" finished-at="2023-08-07T07:54:27 IST" duration-ms="10893">
    <groups>
    </groups>
    <test started-at="2023-08-07T07:54:16 IST" name="Command line test" finished-at="2023-08-07T07:54:27 IST" duration-ms="10893">
      <class name="api.test.TestCases">
        <test-method is-config="true" signature="setup()[pri:0, instance:api.test.TestCases@527e5409]" started-at="2023-08-07T07:54:16 IST" name="setup" finished-at="2023-08-07T07:54:17 IST" duration-ms="816" status="PASS">
          <reporter-output>
          </reporter-output>
        </test-method> <!-- setup -->
        <test-method signature="testPostUser()[pri:0, instance:api.test.TestCases@527e5409]" started-at="2023-08-07T07:54:17 IST" name="testPostUser" finished-at="2023-08-07T07:54:20 IST" duration-ms="3355" status="PASS">
          <reporter-output>
          </reporter-output>
        </test-method> <!-- testPostUser -->
        <test-method signature="testGetuserByName()[pri:1, instance:api.test.TestCases@527e5409]" started-at="2023-08-07T07:54:20 IST" name="testGetuserByName" finished-at="2023-08-07T07:54:22 IST" duration-ms="1588" status="PASS">
          <reporter-output>
          </reporter-output>
        </test-method> <!-- testGetuserByName -->
        <test-method signature="testupdateUserByName()[pri:2, instance:api.test.TestCases@527e5409]" started-at="2023-08-07T07:54:22 IST" name="testupdateUserByName" finished-at="2023-08-07T07:54:25 IST" duration-ms="3325" status="PASS">
          <reporter-output>
          </reporter-output>
        </test-method> <!-- testupdateUserByName -->
        <test-method signature="testdeleteUserByName()[pri:3, instance:api.test.TestCases@527e5409]" started-at="2023-08-07T07:54:25 IST" name="testdeleteUserByName" finished-at="2023-08-07T07:54:27 IST" duration-ms="1766" status="PASS">
          <reporter-output>
          </reporter-output>
        </test-method> <!-- testdeleteUserByName -->
      </class> <!-- api.test.TestCases -->
    </test> <!-- Command line test -->
  </suite> <!-- api.test.TestCases -->
</testng-results>
